<?xml version="1.0" encoding="UTF-8"?>
<testng-results skipped="0" failed="0" ignored="0" total="2" passed="2">
  <reporter-output>
  </reporter-output>
  <suite name="Suite" duration-ms="38544" started-at="2022-10-16T20:52:11 IST" finished-at="2022-10-16T20:52:49 IST">
    <groups>
      <group name="smoke Test">
        <method signature="create_campaign.create_campaignTest()[pri:0, instance:campaign.create_campaign@11758f2a]" name="create_campaignTest" class="campaign.create_campaign"/>
      </group> <!-- smoke Test -->
      <group name="reggression Test">
        <method signature="createorganization.createorganizationtest()[pri:0, instance:Organization.createorganization@782663d3]" name="createorganizationtest" class="Organization.createorganization"/>
      </group> <!-- reggression Test -->
      <group name="reggressionTest">
        <method signature="create_campaign.create_campaignTest()[pri:0, instance:campaign.create_campaign@11758f2a]" name="create_campaignTest" class="campaign.create_campaign"/>
      </group> <!-- reggressionTest -->
    </groups>
    <test name="Testrunner 1" duration-ms="28574" started-at="2022-10-16T20:52:11 IST" finished-at="2022-10-16T20:52:39 IST">
      <class name="campaign.create_campaign">
        <test-method status="PASS" signature="BT()[pri:0, instance:campaign.create_campaign@11758f2a]" name="BT" is-config="true" duration-ms="2" started-at="2022-10-16T20:52:11 IST" finished-at="2022-10-16T20:52:11 IST">
          <reporter-output>
          </reporter-output>
        </test-method> <!-- BT -->
        <test-method status="PASS" signature="BC()[pri:0, instance:campaign.create_campaign@11758f2a]" name="BC" is-config="true" duration-ms="4422" started-at="2022-10-16T20:52:11 IST" finished-at="2022-10-16T20:52:15 IST">
          <reporter-output>
          </reporter-output>
        </test-method> <!-- BC -->
        <test-method status="PASS" signature="BM()[pri:0, instance:campaign.create_campaign@11758f2a]" name="BM" is-config="true" duration-ms="7005" started-at="2022-10-16T20:52:15 IST" finished-at="2022-10-16T20:52:22 IST">
          <reporter-output>
          </reporter-output>
        </test-method> <!-- BM -->
        <test-method status="PASS" signature="create_campaignTest()[pri:0, instance:campaign.create_campaign@11758f2a]" name="create_campaignTest" duration-ms="14801" started-at="2022-10-16T20:52:22 IST" finished-at="2022-10-16T20:52:37 IST">
          <reporter-output>
          </reporter-output>
        </test-method> <!-- create_campaignTest -->
        <test-method status="PASS" signature="AM()[pri:0, instance:campaign.create_campaign@11758f2a]" name="AM" is-config="true" duration-ms="2041" started-at="2022-10-16T20:52:37 IST" finished-at="2022-10-16T20:52:39 IST">
          <reporter-output>
          </reporter-output>
        </test-method> <!-- AM -->
        <test-method status="PASS" signature="AC()[pri:0, instance:campaign.create_campaign@11758f2a]" name="AC" is-config="true" duration-ms="256" started-at="2022-10-16T20:52:39 IST" finished-at="2022-10-16T20:52:39 IST">
          <reporter-output>
          </reporter-output>
        </test-method> <!-- AC -->
        <test-method status="PASS" signature="AT()[pri:0, instance:campaign.create_campaign@11758f2a]" name="AT" is-config="true" duration-ms="1" started-at="2022-10-16T20:52:39 IST" finished-at="2022-10-16T20:52:39 IST">
          <reporter-output>
          </reporter-output>
        </test-method> <!-- AT -->
      </class> <!-- campaign.create_campaign -->
    </test> <!-- Testrunner 1 -->
    <test name="Testrunner 2" duration-ms="38544" started-at="2022-10-16T20:52:11 IST" finished-at="2022-10-16T20:52:49 IST">
      <class name="Organization.createorganization">
        <test-method status="PASS" signature="BS()[pri:0, instance:Organization.createorganization@782663d3]" name="BS" is-config="true" duration-ms="12" started-at="2022-10-16T20:52:11 IST" finished-at="2022-10-16T20:52:11 IST">
          <reporter-output>
          </reporter-output>
        </test-method> <!-- BS -->
        <test-method status="PASS" signature="BT()[pri:0, instance:Organization.createorganization@782663d3]" name="BT" is-config="true" duration-ms="1" started-at="2022-10-16T20:52:11 IST" finished-at="2022-10-16T20:52:11 IST">
          <reporter-output>
          </reporter-output>
        </test-method> <!-- BT -->
        <test-method status="PASS" signature="BC()[pri:0, instance:Organization.createorganization@782663d3]" name="BC" is-config="true" duration-ms="4252" started-at="2022-10-16T20:52:11 IST" finished-at="2022-10-16T20:52:15 IST">
          <reporter-output>
          </reporter-output>
        </test-method> <!-- BC -->
        <test-method status="PASS" signature="BM()[pri:0, instance:Organization.createorganization@782663d3]" name="BM" is-config="true" duration-ms="6705" started-at="2022-10-16T20:52:15 IST" finished-at="2022-10-16T20:52:22 IST">
          <reporter-output>
          </reporter-output>
        </test-method> <!-- BM -->
        <test-method status="PASS" signature="createorganizationtest()[pri:0, instance:Organization.createorganization@782663d3]" name="createorganizationtest" duration-ms="25583" started-at="2022-10-16T20:52:22 IST" finished-at="2022-10-16T20:52:47 IST">
          <reporter-output>
          </reporter-output>
        </test-method> <!-- createorganizationtest -->
        <test-method status="PASS" signature="AM()[pri:0, instance:Organization.createorganization@782663d3]" name="AM" is-config="true" duration-ms="1719" started-at="2022-10-16T20:52:47 IST" finished-at="2022-10-16T20:52:49 IST">
          <reporter-output>
          </reporter-output>
        </test-method> <!-- AM -->
        <test-method status="PASS" signature="AC()[pri:0, instance:Organization.createorganization@782663d3]" name="AC" is-config="true" duration-ms="193" started-at="2022-10-16T20:52:49 IST" finished-at="2022-10-16T20:52:49 IST">
          <reporter-output>
          </reporter-output>
        </test-method> <!-- AC -->
        <test-method status="PASS" signature="AT()[pri:0, instance:Organization.createorganization@782663d3]" name="AT" is-config="true" duration-ms="0" started-at="2022-10-16T20:52:49 IST" finished-at="2022-10-16T20:52:49 IST">
          <reporter-output>
          </reporter-output>
        </test-method> <!-- AT -->
        <test-method status="PASS" signature="AS()[pri:0, instance:Organization.createorganization@782663d3]" name="AS" is-config="true" duration-ms="1" started-at="2022-10-16T20:52:49 IST" finished-at="2022-10-16T20:52:49 IST">
          <reporter-output>
          </reporter-output>
        </test-method> <!-- AS -->
      </class> <!-- Organization.createorganization -->
    </test> <!-- Testrunner 2 -->
  </suite> <!-- Suite -->
</testng-results>
